09-08-2023 @ 10:09:03 - Process Payment Response : cancel
09-08-2023 @ 10:09:03 - [오류] 결제를 취소하셨습니다.
Array
(
    [type] => cancel
    [transaction_id] => TINICIS2023090801085914e8a43f7b66923182b2
    [order_id] => 13516_230908_010859
    [woocommerce-login-nonce] => 
    [_wpnonce] => 
    [woocommerce-reset-password-nonce] => 
)

09-08-2023 @ 10:09:07 - Redirect : Checkout
09-08-2023 @ 10:16:28 - Process Payment Response : cancel
09-08-2023 @ 10:16:28 - [오류] 결제를 취소하셨습니다.
Array
(
    [type] => cancel
    [transaction_id] => TINICIS202309080116208db11eb99987a20be4cf
    [order_id] => 13517_230908_011620
    [woocommerce-login-nonce] => 
    [_wpnonce] => 
    [woocommerce-reset-password-nonce] => 
)

09-08-2023 @ 10:16:32 - Redirect : Checkout
09-08-2023 @ 10:28:35 - Process Payment Response : cancel
09-08-2023 @ 10:28:35 - [오류] 결제를 취소하셨습니다.
Array
(
    [type] => cancel
    [transaction_id] => TINICIS202309080128292341f98432c7ad870689
    [order_id] => 13518_230908_012829
    [woocommerce-login-nonce] => 
    [_wpnonce] => 
    [woocommerce-reset-password-nonce] => 
)

09-08-2023 @ 10:28:39 - Redirect : Checkout
